error: could not lock config file C:/SPB_DATA/.gitconfig: No such file or directory
error: could not lock config file C:/SPB_DATA/.gitconfig: No such file or directory
    while executing
"close $fd"
    (procedure "git" line 5)
    invoked from within
"git config --global --add gui.recentrepo $path"
    (procedure "_append_recentrepos" line 14)
    invoked from within
"_append_recentrepos [pwd]"
    (procedure "_git_init" line 17)
    invoked from within
"_git_init $this"
    (procedure "choose_repository::_do_new2" line 5)
    invoked from within
"choose_repository::_do_new2 ::choose_repository::__o1::__d"
    invoked from within
".buttons.next invoke "
    invoked from within
".buttons.next instate !disabled { .buttons.next invoke } "
    invoked from within
".buttons.next instate pressed { .buttons.next state !pressed; .buttons.next instate !disabled { .buttons.next invoke } } "
    (command bound to event)